<?xml version="1.0" encoding="UTF-8"?>
<testng-results ignored="0" total="2" passed="2" failed="0" skipped="0">
  <reporter-output>
  </reporter-output>
  <suite started-at="2024-07-18T06:16:31Z" name="Failed suite [nmims-automation]" finished-at="2024-07-18T06:17:10Z" duration-ms="39660">
    <groups>
    </groups>
    <test started-at="2024-07-18T06:16:31Z" name="logintest(failed)" finished-at="2024-07-18T06:17:10Z" duration-ms="39660">
      <class name="com.nmims.TestCases.TC_LoginDDT_002">
        <test-method is-config="true" signature="setup(java.lang.String)[pri:0, instance:com.nmims.TestCases.TC_LoginDDT_002@78123e82]" started-at="2024-07-18T06:16:31Z" name="setup" finished-at="2024-07-18T06:16:33Z" duration-ms="1811" status="PASS">
          <params>
            <param index="0">
              <value>
                <![CDATA[chrome]]>
              </value>
            </param>
          </params>
          <reporter-output>
          </reporter-output>
        </test-method> <!-- setup -->
        <test-method signature="loginDDT(java.lang.String, java.lang.String)[pri:0, instance:com.nmims.TestCases.TC_LoginDDT_002@78123e82]" started-at="2024-07-18T06:16:33Z" name="loginDDT" data-provider="LoginData" finished-at="2024-07-18T06:16:47Z" duration-ms="13630" status="PASS">
          <params>
            <param index="0">
              <value>
                <![CDATA[77122809134]]>
              </value>
            </param>
            <param index="1">
              <value>
                <![CDATA[Welcome4044!]]>
              </value>
            </param>
          </params>
          <reporter-output>
          </reporter-output>
        </test-method> <!-- loginDDT -->
        <test-method signature="loginDDT(java.lang.String, java.lang.String)[pri:0, instance:com.nmims.TestCases.TC_LoginDDT_002@78123e82]" started-at="2024-07-18T06:16:47Z" name="loginDDT" data-provider="LoginData" finished-at="2024-07-18T06:17:00Z" duration-ms="12577" status="PASS">
          <params>
            <param index="0">
              <value>
                <![CDATA[77122100824]]>
              </value>
            </param>
            <param index="1">
              <value>
                <![CDATA[Mummy@19]]>
              </value>
            </param>
          </params>
          <reporter-output>
          </reporter-output>
        </test-method> <!-- loginDDT -->
        <test-method is-config="true" signature="tearDown()[pri:0, instance:com.nmims.TestCases.TC_LoginDDT_002@78123e82]" started-at="2024-07-18T06:17:00Z" name="tearDown" finished-at="2024-07-18T06:17:10Z" duration-ms="10731" status="PASS">
          <reporter-output>
          </reporter-output>
        </test-method> <!-- tearDown -->
      </class> <!-- com.nmims.TestCases.TC_LoginDDT_002 -->
    </test> <!-- logintest(failed) -->
  </suite> <!-- Failed suite [nmims-automation] -->
</testng-results>
